{"path": "/api/get-patient-info", "method": "GET", "status_code": 200, "process_time_ms": 133.49}
{"path": "/api/monitoring/api", "method": "GET", "status_code": 200, "process_time_ms": 6.31}
{"path": "/api/monitoring/ml", "method": "GET", "status_code": 200, "process_time_ms": 4.7}
{"path": "/api/get-patient-info", "method": "GET", "status_code": 200, "process_time_ms": 85.77}
{"path": "/api/get-patient-info", "method": "GET", "status_code": 200, "process_time_ms": 2.37}
{"path": "/api/monitoring/api", "method": "GET", "status_code": 200, "process_time_ms": 2.29}
{"path": "/api/monitoring/ml", "method": "GET", "status_code": 200, "process_time_ms": 1.29}
{"path": "/api/get-patient-info", "method": "GET", "status_code": 200, "process_time_ms": 33.92}
{"path": "/api/get-patient-data-range/10", "method": "GET", "status_code": 200, "process_time_ms": 3.15}
{"path": "/api/get-patient-info", "method": "GET", "status_code": 200, "process_time_ms": 41.8}
{"path": "/api/get-patient-info", "method": "GET", "status_code": 200, "process_time_ms": 3.34}
{"path": "/api/get-patient-data-range/10", "method": "GET", "status_code": 200, "process_time_ms": 2.98}
{"path": "/api/get-patient-info", "method": "GET", "status_code": 200, "process_time_ms": 30.01}
{"path": "/api/get-patient-data-range/10", "method": "GET", "status_code": 200, "process_time_ms": 1.36}
{"path": "/api/generate-transfer-report", "method": "POST", "status_code": 500, "process_time_ms": 16.41}
{"path": "/api/page3/patient-report", "method": "POST", "status_code": 200, "process_time_ms": 23643.44}
{"path": "/api/get-patient-info", "method": "GET", "status_code": 200, "process_time_ms": 31.42}
{"path": "/api/get-patient-data-range/10", "method": "GET", "status_code": 200, "process_time_ms": 9.38}
{"path": "/api/generate-transfer-report", "method": "POST", "status_code": 500, "process_time_ms": 4.73}
{"path": "/api/page3/patient-report", "method": "POST", "status_code": 200, "process_time_ms": 22915.78}
{"path": "/api/monitoring/api", "method": "GET", "status_code": 200, "process_time_ms": 1.85}
{"path": "/api/monitoring/ml", "method": "GET", "status_code": 200, "process_time_ms": 0.64}
{"path": "/api/get-patient-info", "method": "GET", "status_code": 200, "process_time_ms": 25.3}
{"path": "/api/get-patient-info", "method": "GET", "status_code": 200, "process_time_ms": 8.32}
{"path": "/api/get-patient-info", "method": "GET", "status_code": 200, "process_time_ms": 2.27}
{"path": "/api/get-patient-info", "method": "GET", "status_code": 200, "process_time_ms": 2.09}
{"path": "/api/get-patient-info", "method": "GET", "status_code": 200, "process_time_ms": 6.64}
{"path": "/api/get-patient-info", "method": "GET", "status_code": 200, "process_time_ms": 5.24}
{"path": "/api/get-patient-info", "method": "GET", "status_code": 200, "process_time_ms": 3.5}
