{"path": "/api/monitoring/api", "method": "GET", "status_code": 200, "process_time_ms": 1.25}
{"path": "/api/monitoring/ml", "method": "GET", "status_code": 200, "process_time_ms": 0.83}
{"path": "/docs", "method": "GET", "status_code": 200, "process_time_ms": 0.75}
{"path": "/openapi.json", "method": "GET", "status_code": 200, "process_time_ms": 10.94}
{"path": "/api/get-patient-info", "method": "GET", "status_code": 200, "process_time_ms": 92.35}
{"path": "/api/get-patient-info", "method": "GET", "status_code": 200, "process_time_ms": 7.03}
{"path": "/api/get-patient-data-range/8", "method": "GET", "status_code": 200, "process_time_ms": 2.21}
{"path": "/api/generate-transfer-report", "method": "POST", "status_code": 500, "process_time_ms": 4.12}
{"path": "/api/page3/patient-report", "method": "POST", "status_code": 422, "process_time_ms": 2.23}
{"path": "/api/generate-transfer-report", "method": "POST", "status_code": 500, "process_time_ms": 8.53}
{"path": "/api/page3/patient-report", "method": "POST", "status_code": 422, "process_time_ms": 2.67}
{"path": "/api/generate-transfer-report", "method": "POST", "status_code": 500, "process_time_ms": 0.84}
{"path": "/api/page3/patient-report", "method": "POST", "status_code": 422, "process_time_ms": 0.98}
{"path": "/api/get-patient-info", "method": "GET", "status_code": 200, "process_time_ms": 25.9}
{"path": "/api/get-patient-data-range/8", "method": "GET", "status_code": 200, "process_time_ms": 9.7}
{"path": "/api/get-patient-info", "method": "GET", "status_code": 200, "process_time_ms": 3.75}
{"path": "/api/get-patient-info", "method": "GET", "status_code": 200, "process_time_ms": 2.25}
{"path": "/api/get-patient-info", "method": "GET", "status_code": 200, "process_time_ms": 5.61}
{"path": "/api/get-patient-data-range/10", "method": "GET", "status_code": 200, "process_time_ms": 3.83}
{"path": "/api/generate-transfer-report", "method": "POST", "status_code": 500, "process_time_ms": 3.78}
{"path": "/api/page3/patient-report", "method": "POST", "status_code": 422, "process_time_ms": 3.06}
{"path": "/api/get-patient-info", "method": "GET", "status_code": 200, "process_time_ms": 37.65}
{"path": "/api/get-patient-info", "method": "GET", "status_code": 200, "process_time_ms": 3.11}
{"path": "/api/get-patient-data-range/7", "method": "GET", "status_code": 200, "process_time_ms": 5.53}
{"path": "/api/generate-transfer-report", "method": "POST", "status_code": 500, "process_time_ms": 2.67}
{"path": "/api/page3/patient-report", "method": "POST", "status_code": 422, "process_time_ms": 3.0}
{"path": "/api/get-patient-info", "method": "GET", "status_code": 200, "process_time_ms": 5.0}
{"path": "/api/get-patient-data-range/7", "method": "GET", "status_code": 200, "process_time_ms": 2.85}
{"path": "/api/get-patient-info", "method": "GET", "status_code": 200, "process_time_ms": 4.82}
{"path": "/api/get-patient-info", "method": "GET", "status_code": 200, "process_time_ms": 3.84}
{"path": "/api/get-patient-info", "method": "GET", "status_code": 200, "process_time_ms": 4.3}
{"path": "/api/get-patient-data-range/9", "method": "GET", "status_code": 200, "process_time_ms": 2.98}
{"path": "/api/generate-transfer-report", "method": "POST", "status_code": 500, "process_time_ms": 2.78}
{"path": "/api/page3/patient-report", "method": "POST", "status_code": 422, "process_time_ms": 1.21}
{"path": "/api/generate-transfer-report", "method": "POST", "status_code": 500, "process_time_ms": 1.42}
{"path": "/api/page3/patient-report", "method": "POST", "status_code": 422, "process_time_ms": 0.94}
{"path": "/api/get-patient-info", "method": "GET", "status_code": 200, "process_time_ms": 208.21}
{"path": "/api/get-patient-data-range/9", "method": "GET", "status_code": 200, "process_time_ms": 1.86}
{"path": "/api/generate-transfer-report", "method": "POST", "status_code": 500, "process_time_ms": 1.87}
{"path": "/api/page3/patient-report", "method": "POST", "status_code": 422, "process_time_ms": 1.19}
{"path": "/api/generate-transfer-report", "method": "POST", "status_code": 500, "process_time_ms": 3.54}
{"path": "/api/page3/patient-report", "method": "POST", "status_code": 422, "process_time_ms": 3.73}
{"path": "/api/generate-transfer-report", "method": "POST", "status_code": 500, "process_time_ms": 1.9}
{"path": "/api/page3/patient-report", "method": "POST", "status_code": 422, "process_time_ms": 2.04}
{"path": "/api/get-patient-info", "method": "GET", "status_code": 200, "process_time_ms": 31.68}
{"path": "/api/get-patient-info", "method": "GET", "status_code": 200, "process_time_ms": 4.41}
{"path": "/api/get-patient-data-range/9", "method": "GET", "status_code": 200, "process_time_ms": 2.84}
{"path": "/api/generate-transfer-report", "method": "POST", "status_code": 500, "process_time_ms": 5.41}
{"path": "/api/page3/patient-report", "method": "POST", "status_code": 422, "process_time_ms": 2.67}
{"path": "/api/generate-transfer-report", "method": "POST", "status_code": 500, "process_time_ms": 1.92}
{"path": "/api/page3/patient-report", "method": "POST", "status_code": 422, "process_time_ms": 4.12}
{"path": "/api/generate-transfer-report", "method": "POST", "status_code": 500, "process_time_ms": 5.81}
{"path": "/api/page3/patient-report", "method": "POST", "status_code": 200, "process_time_ms": 15403.67}
{"path": "/api/generate-transfer-report", "method": "POST", "status_code": 500, "process_time_ms": 4.23}
{"path": "/api/page3/patient-report", "method": "POST", "status_code": 500, "process_time_ms": 47.67}
{"path": "/api/get-patient-info", "method": "GET", "status_code": 200, "process_time_ms": 7.36}
{"path": "/api/get-patient-data-range/9", "method": "GET", "status_code": 200, "process_time_ms": 2.27}
{"path": "/api/get-patient-info", "method": "GET", "status_code": 200, "process_time_ms": 2.92}
{"path": "/api/get-patient-data-range/9", "method": "GET", "status_code": 200, "process_time_ms": 3.46}
{"path": "/api/generate-transfer-report", "method": "POST", "status_code": 500, "process_time_ms": 1.64}
{"path": "/api/page3/patient-report", "method": "POST", "status_code": 500, "process_time_ms": 15.62}
{"path": "/api/generate-transfer-report", "method": "POST", "status_code": 500, "process_time_ms": 1.86}
{"path": "/api/page3/patient-report", "method": "POST", "status_code": 500, "process_time_ms": 30.74}
{"path": "/api/generate-transfer-report", "method": "POST", "status_code": 500, "process_time_ms": 1.35}
{"path": "/api/page3/patient-report", "method": "POST", "status_code": 200, "process_time_ms": 29579.24}
{"path": "/api/generate-transfer-report", "method": "POST", "status_code": 500, "process_time_ms": 1.39}
{"path": "/api/page3/patient-report", "method": "POST", "status_code": 200, "process_time_ms": 24132.08}
{"path": "/api/generate-transfer-report", "method": "POST", "status_code": 500, "process_time_ms": 5.65}
{"path": "/api/generate-transfer-report", "method": "POST", "status_code": 500, "process_time_ms": 4.29}
{"path": "/api/generate-transfer-report", "method": "POST", "status_code": 500, "process_time_ms": 4.22}
{"path": "/api/page3/patient-report", "method": "POST", "status_code": 200, "process_time_ms": 23653.54}
{"path": "/api/get-patient-info", "method": "GET", "status_code": 200, "process_time_ms": 58.54}
{"path": "/api/get-patient-info", "method": "GET", "status_code": 200, "process_time_ms": 5.2}
{"path": "/api/get-patient-data-range/9", "method": "GET", "status_code": 200, "process_time_ms": 3.5}
{"path": "/api/generate-transfer-report", "method": "POST", "status_code": 500, "process_time_ms": 11.46}
{"path": "/api/page3/patient-report", "method": "POST", "status_code": 200, "process_time_ms": 22559.81}
{"path": "/api/generate-transfer-report", "method": "POST", "status_code": 500, "process_time_ms": 9.11}
{"path": "/api/page3/patient-report", "method": "POST", "status_code": 200, "process_time_ms": 21334.55}
{"path": "/api/get-patient-info", "method": "GET", "status_code": 200, "process_time_ms": 44.07}
{"path": "/api/get-patient-info", "method": "GET", "status_code": 200, "process_time_ms": 3.26}
{"path": "/api/get-patient-data-range/9", "method": "GET", "status_code": 200, "process_time_ms": 7.08}
{"path": "/api/generate-transfer-report", "method": "POST", "status_code": 500, "process_time_ms": 2.62}
{"path": "/api/page3/patient-report", "method": "POST", "status_code": 200, "process_time_ms": 32828.41}
{"path": "/api/generate-transfer-report", "method": "POST", "status_code": 500, "process_time_ms": 2.06}
{"path": "/api/page3/patient-report", "method": "POST", "status_code": 200, "process_time_ms": 22928.39}
{"path": "/api/generate-transfer-report", "method": "POST", "status_code": 500, "process_time_ms": 13.48}
{"path": "/api/page3/patient-report", "method": "POST", "status_code": 200, "process_time_ms": 22502.37}
{"path": "/api/generate-transfer-report", "method": "POST", "status_code": 500, "process_time_ms": 3.08}
{"path": "/api/page3/patient-report", "method": "POST", "status_code": 200, "process_time_ms": 23223.07}
{"path": "/api/generate-transfer-report", "method": "POST", "status_code": 500, "process_time_ms": 7.06}
{"path": "/api/page3/patient-report", "method": "POST", "status_code": 200, "process_time_ms": 25885.58}
{"path": "/api/generate-transfer-report", "method": "POST", "status_code": 500, "process_time_ms": 1.36}
{"path": "/api/page3/patient-report", "method": "POST", "status_code": 200, "process_time_ms": 24131.12}
{"path": "/api/get-patient-info", "method": "GET", "status_code": 200, "process_time_ms": 57.64}
{"path": "/api/get-patient-info", "method": "GET", "status_code": 200, "process_time_ms": 3.43}
{"path": "/api/get-patient-data-range/8", "method": "GET", "status_code": 200, "process_time_ms": 3.9}
{"path": "/api/get-patient-info", "method": "GET", "status_code": 200, "process_time_ms": 52.36}
{"path": "/api/get-patient-info", "method": "GET", "status_code": 200, "process_time_ms": 12.55}
{"path": "/api/get-patient-data-range/8", "method": "GET", "status_code": 200, "process_time_ms": 6.53}
{"path": "/api/get-patient-info", "method": "GET", "status_code": 200, "process_time_ms": 153.3}
{"path": "/api/get-patient-data-range/8", "method": "GET", "status_code": 200, "process_time_ms": 15.82}
{"path": "/api/get-patient-info", "method": "GET", "status_code": 200, "process_time_ms": 2.79}
{"path": "/api/get-patient-data-range/8", "method": "GET", "status_code": 200, "process_time_ms": 1.85}
{"path": "/api/get-patient-info", "method": "GET", "status_code": 200, "process_time_ms": 14.03}
{"path": "/api/get-patient-data-range/8", "method": "GET", "status_code": 200, "process_time_ms": 55.96}
{"path": "/api/get-patient-info", "method": "GET", "status_code": 200, "process_time_ms": 9.9}
{"path": "/api/get-patient-data-range/8", "method": "GET", "status_code": 200, "process_time_ms": 4.06}
{"path": "/api/get-patient-info", "method": "GET", "status_code": 200, "process_time_ms": 12.63}
{"path": "/api/get-patient-data-range/8", "method": "GET", "status_code": 200, "process_time_ms": 12.22}
{"path": "/api/get-patient-info", "method": "GET", "status_code": 200, "process_time_ms": 16.92}
{"path": "/api/get-patient-data-range/8", "method": "GET", "status_code": 200, "process_time_ms": 1.15}
{"path": "/api/get-patient-info", "method": "GET", "status_code": 200, "process_time_ms": 11.93}
{"path": "/api/get-patient-data-range/8", "method": "GET", "status_code": 200, "process_time_ms": 3.23}
{"path": "/api/get-patient-info", "method": "GET", "status_code": 200, "process_time_ms": 2.78}
{"path": "/api/get-patient-data-range/8", "method": "GET", "status_code": 200, "process_time_ms": 3.25}
{"path": "/api/get-patient-info", "method": "GET", "status_code": 200, "process_time_ms": 14.5}
{"path": "/api/get-patient-data-range/8", "method": "GET", "status_code": 200, "process_time_ms": 3.04}
{"path": "/api/get-patient-info", "method": "GET", "status_code": 200, "process_time_ms": 3.86}
{"path": "/api/get-patient-data-range/8", "method": "GET", "status_code": 200, "process_time_ms": 3.59}
{"path": "/api/get-patient-info", "method": "GET", "status_code": 200, "process_time_ms": 62.35}
{"path": "/api/get-patient-info", "method": "GET", "status_code": 200, "process_time_ms": 25.82}
{"path": "/api/get-patient-data-range/7", "method": "GET", "status_code": 200, "process_time_ms": 17.14}
{"path": "/api/get-patient-info", "method": "GET", "status_code": 200, "process_time_ms": 3.88}
{"path": "/api/get-patient-info", "method": "GET", "status_code": 200, "process_time_ms": 4.48}
{"path": "/api/get-patient-data-range/5", "method": "GET", "status_code": 200, "process_time_ms": 9.58}
{"path": "/api/get-patient-info", "method": "GET", "status_code": 200, "process_time_ms": 1.7}
{"path": "/api/monitoring/api", "method": "GET", "status_code": 200, "process_time_ms": 12.29}
{"path": "/api/monitoring/ml", "method": "GET", "status_code": 200, "process_time_ms": 1.02}
{"path": "/api/monitoring/api", "method": "GET", "status_code": 200, "process_time_ms": 2.63}
{"path": "/api/monitoring/ml", "method": "GET", "status_code": 200, "process_time_ms": 1.27}
{"path": "/api/monitoring/api", "method": "GET", "status_code": 200, "process_time_ms": 0.58}
{"path": "/api/monitoring/ml", "method": "GET", "status_code": 200, "process_time_ms": 2.8}
{"path": "/api/monitoring/api", "method": "GET", "status_code": 200, "process_time_ms": 0.79}
{"path": "/api/monitoring/ml", "method": "GET", "status_code": 200, "process_time_ms": 0.68}
{"path": "/api/monitoring/api", "method": "GET", "status_code": 200, "process_time_ms": 1.4}
{"path": "/api/monitoring/ml", "method": "GET", "status_code": 200, "process_time_ms": 1.21}
{"path": "/api/monitoring/api", "method": "GET", "status_code": 200, "process_time_ms": 1.8}
{"path": "/api/monitoring/ml", "method": "GET", "status_code": 200, "process_time_ms": 1.63}
{"path": "/api/monitoring/api", "method": "GET", "status_code": 200, "process_time_ms": 0.76}
{"path": "/api/monitoring/ml", "method": "GET", "status_code": 200, "process_time_ms": 0.69}
{"path": "/api/monitoring/api", "method": "GET", "status_code": 200, "process_time_ms": 1.4}
{"path": "/api/monitoring/ml", "method": "GET", "status_code": 200, "process_time_ms": 5.47}
{"path": "/api/monitoring/api", "method": "GET", "status_code": 200, "process_time_ms": 1.07}
{"path": "/api/monitoring/ml", "method": "GET", "status_code": 200, "process_time_ms": 0.64}
{"path": "/api/monitoring/api", "method": "GET", "status_code": 200, "process_time_ms": 2.73}
{"path": "/api/monitoring/ml", "method": "GET", "status_code": 200, "process_time_ms": 3.94}
{"path": "/api/monitoring/api", "method": "GET", "status_code": 200, "process_time_ms": 2.35}
{"path": "/api/monitoring/ml", "method": "GET", "status_code": 200, "process_time_ms": 0.76}
{"path": "/api/monitoring/api", "method": "GET", "status_code": 200, "process_time_ms": 2.76}
{"path": "/api/monitoring/ml", "method": "GET", "status_code": 200, "process_time_ms": 0.97}
{"path": "/api/monitoring/api", "method": "GET", "status_code": 200, "process_time_ms": 0.83}
{"path": "/api/monitoring/ml", "method": "GET", "status_code": 200, "process_time_ms": 0.6}
{"path": "/api/monitoring/api", "method": "GET", "status_code": 200, "process_time_ms": 1.65}
{"path": "/api/monitoring/ml", "method": "GET", "status_code": 200, "process_time_ms": 0.79}
{"path": "/api/monitoring/api", "method": "GET", "status_code": 200, "process_time_ms": 1.25}
{"path": "/api/monitoring/ml", "method": "GET", "status_code": 200, "process_time_ms": 0.56}
{"path": "/api/monitoring/api", "method": "GET", "status_code": 200, "process_time_ms": 1.22}
{"path": "/api/monitoring/ml", "method": "GET", "status_code": 200, "process_time_ms": 0.49}
{"path": "/api/monitoring/api", "method": "GET", "status_code": 200, "process_time_ms": 0.85}
{"path": "/api/monitoring/ml", "method": "GET", "status_code": 200, "process_time_ms": 0.51}
{"path": "/api/monitoring/api", "method": "GET", "status_code": 200, "process_time_ms": 0.5}
{"path": "/api/monitoring/ml", "method": "GET", "status_code": 200, "process_time_ms": 0.52}
{"path": "/api/monitoring/api", "method": "GET", "status_code": 200, "process_time_ms": 1.02}
{"path": "/api/monitoring/ml", "method": "GET", "status_code": 200, "process_time_ms": 0.73}
{"path": "/api/monitoring/api", "method": "GET", "status_code": 200, "process_time_ms": 1.55}
{"path": "/api/monitoring/ml", "method": "GET", "status_code": 200, "process_time_ms": 0.82}
{"path": "/api/monitoring/api", "method": "GET", "status_code": 200, "process_time_ms": 0.85}
{"path": "/api/monitoring/ml", "method": "GET", "status_code": 200, "process_time_ms": 0.65}
{"path": "/api/monitoring/api", "method": "GET", "status_code": 200, "process_time_ms": 1.73}
{"path": "/api/monitoring/ml", "method": "GET", "status_code": 200, "process_time_ms": 1.59}
{"path": "/api/monitoring/api", "method": "GET", "status_code": 200, "process_time_ms": 0.4}
{"path": "/api/monitoring/ml", "method": "GET", "status_code": 200, "process_time_ms": 0.28}
{"path": "/api/monitoring/api", "method": "GET", "status_code": 200, "process_time_ms": 2.27}
{"path": "/api/monitoring/ml", "method": "GET", "status_code": 200, "process_time_ms": 1.98}
{"path": "/api/monitoring/api", "method": "GET", "status_code": 200, "process_time_ms": 0.91}
{"path": "/api/monitoring/ml", "method": "GET", "status_code": 200, "process_time_ms": 0.69}
{"path": "/api/monitoring/api", "method": "GET", "status_code": 200, "process_time_ms": 0.68}
{"path": "/api/monitoring/ml", "method": "GET", "status_code": 200, "process_time_ms": 0.48}
{"path": "/api/monitoring/api", "method": "GET", "status_code": 200, "process_time_ms": 0.98}
{"path": "/api/monitoring/ml", "method": "GET", "status_code": 200, "process_time_ms": 3.39}
{"path": "/api/monitoring/api", "method": "GET", "status_code": 200, "process_time_ms": 1.65}
{"path": "/api/monitoring/ml", "method": "GET", "status_code": 200, "process_time_ms": 1.14}
{"path": "/api/monitoring/api", "method": "GET", "status_code": 200, "process_time_ms": 1.22}
{"path": "/api/monitoring/ml", "method": "GET", "status_code": 200, "process_time_ms": 0.56}
{"path": "/api/monitoring/api", "method": "GET", "status_code": 200, "process_time_ms": 0.94}
{"path": "/api/monitoring/ml", "method": "GET", "status_code": 200, "process_time_ms": 0.65}
{"path": "/api/monitoring/api", "method": "GET", "status_code": 200, "process_time_ms": 1.53}
{"path": "/api/monitoring/ml", "method": "GET", "status_code": 200, "process_time_ms": 0.61}
{"path": "/api/monitoring/api", "method": "GET", "status_code": 200, "process_time_ms": 1.43}
{"path": "/api/monitoring/ml", "method": "GET", "status_code": 200, "process_time_ms": 0.44}
{"path": "/api/monitoring/api", "method": "GET", "status_code": 200, "process_time_ms": 2.44}
{"path": "/api/monitoring/ml", "method": "GET", "status_code": 200, "process_time_ms": 0.93}
{"path": "/api/monitoring/api", "method": "GET", "status_code": 200, "process_time_ms": 1.87}
{"path": "/api/monitoring/ml", "method": "GET", "status_code": 200, "process_time_ms": 0.73}
{"path": "/api/monitoring/api", "method": "GET", "status_code": 200, "process_time_ms": 1.49}
{"path": "/api/monitoring/ml", "method": "GET", "status_code": 200, "process_time_ms": 1.07}
{"path": "/api/monitoring/api", "method": "GET", "status_code": 200, "process_time_ms": 1.7}
{"path": "/api/monitoring/ml", "method": "GET", "status_code": 200, "process_time_ms": 0.55}
{"path": "/api/monitoring/api", "method": "GET", "status_code": 200, "process_time_ms": 1.25}
{"path": "/api/monitoring/ml", "method": "GET", "status_code": 200, "process_time_ms": 5.59}
{"path": "/api/monitoring/api", "method": "GET", "status_code": 200, "process_time_ms": 1.82}
{"path": "/api/monitoring/ml", "method": "GET", "status_code": 200, "process_time_ms": 0.54}
{"path": "/api/monitoring/api", "method": "GET", "status_code": 200, "process_time_ms": 0.99}
{"path": "/api/monitoring/ml", "method": "GET", "status_code": 200, "process_time_ms": 1.03}
{"path": "/api/monitoring/api", "method": "GET", "status_code": 200, "process_time_ms": 2.23}
{"path": "/api/monitoring/ml", "method": "GET", "status_code": 200, "process_time_ms": 0.81}
{"path": "/api/monitoring/api", "method": "GET", "status_code": 200, "process_time_ms": 1.04}
{"path": "/api/monitoring/ml", "method": "GET", "status_code": 200, "process_time_ms": 4.07}
{"path": "/api/monitoring/api", "method": "GET", "status_code": 200, "process_time_ms": 1.56}
{"path": "/api/monitoring/ml", "method": "GET", "status_code": 200, "process_time_ms": 0.62}
{"path": "/api/monitoring/api", "method": "GET", "status_code": 200, "process_time_ms": 1.15}
{"path": "/api/monitoring/ml", "method": "GET", "status_code": 200, "process_time_ms": 1.77}
{"path": "/api/monitoring/api", "method": "GET", "status_code": 200, "process_time_ms": 0.63}
{"path": "/api/monitoring/ml", "method": "GET", "status_code": 200, "process_time_ms": 0.51}
{"path": "/api/monitoring/api", "method": "GET", "status_code": 200, "process_time_ms": 1.72}
{"path": "/api/monitoring/ml", "method": "GET", "status_code": 200, "process_time_ms": 0.64}
{"path": "/api/monitoring/api", "method": "GET", "status_code": 200, "process_time_ms": 2.25}
{"path": "/api/monitoring/ml", "method": "GET", "status_code": 200, "process_time_ms": 0.81}
{"path": "/api/monitoring/api", "method": "GET", "status_code": 200, "process_time_ms": 0.85}
{"path": "/api/monitoring/ml", "method": "GET", "status_code": 200, "process_time_ms": 0.48}
{"path": "/api/monitoring/api", "method": "GET", "status_code": 200, "process_time_ms": 0.33}
{"path": "/api/monitoring/ml", "method": "GET", "status_code": 200, "process_time_ms": 0.22}
{"path": "/api/monitoring/api", "method": "GET", "status_code": 200, "process_time_ms": 2.03}
{"path": "/api/monitoring/ml", "method": "GET", "status_code": 200, "process_time_ms": 0.66}
{"path": "/api/monitoring/api", "method": "GET", "status_code": 200, "process_time_ms": 1.45}
{"path": "/api/monitoring/ml", "method": "GET", "status_code": 200, "process_time_ms": 4.54}
{"path": "/api/monitoring/api", "method": "GET", "status_code": 200, "process_time_ms": 1.93}
{"path": "/api/monitoring/ml", "method": "GET", "status_code": 200, "process_time_ms": 0.79}
{"path": "/api/monitoring/api", "method": "GET", "status_code": 200, "process_time_ms": 1.66}
{"path": "/api/monitoring/ml", "method": "GET", "status_code": 200, "process_time_ms": 0.73}
{"path": "/api/monitoring/api", "method": "GET", "status_code": 200, "process_time_ms": 2.33}
{"path": "/api/monitoring/ml", "method": "GET", "status_code": 200, "process_time_ms": 0.76}
{"path": "/api/monitoring/api", "method": "GET", "status_code": 200, "process_time_ms": 0.87}
{"path": "/api/monitoring/ml", "method": "GET", "status_code": 200, "process_time_ms": 0.52}
{"path": "/api/monitoring/api", "method": "GET", "status_code": 200, "process_time_ms": 1.26}
{"path": "/api/monitoring/ml", "method": "GET", "status_code": 200, "process_time_ms": 0.97}
{"path": "/api/monitoring/api", "method": "GET", "status_code": 200, "process_time_ms": 2.25}
{"path": "/api/monitoring/ml", "method": "GET", "status_code": 200, "process_time_ms": 0.99}
{"path": "/api/monitoring/api", "method": "GET", "status_code": 200, "process_time_ms": 1.3}
{"path": "/api/monitoring/ml", "method": "GET", "status_code": 200, "process_time_ms": 4.72}
{"path": "/api/monitoring/api", "method": "GET", "status_code": 200, "process_time_ms": 1.57}
{"path": "/api/monitoring/ml", "method": "GET", "status_code": 200, "process_time_ms": 0.53}
{"path": "/api/monitoring/api", "method": "GET", "status_code": 200, "process_time_ms": 0.83}
{"path": "/api/monitoring/ml", "method": "GET", "status_code": 200, "process_time_ms": 0.61}
{"path": "/api/monitoring/api", "method": "GET", "status_code": 200, "process_time_ms": 2.41}
{"path": "/api/monitoring/ml", "method": "GET", "status_code": 200, "process_time_ms": 0.8}
{"path": "/api/monitoring/api", "method": "GET", "status_code": 200, "process_time_ms": 1.39}
{"path": "/api/monitoring/ml", "method": "GET", "status_code": 200, "process_time_ms": 0.53}
{"path": "/api/monitoring/api", "method": "GET", "status_code": 200, "process_time_ms": 3.21}
{"path": "/api/monitoring/ml", "method": "GET", "status_code": 200, "process_time_ms": 0.8}
{"path": "/api/monitoring/api", "method": "GET", "status_code": 200, "process_time_ms": 0.94}
{"path": "/api/monitoring/ml", "method": "GET", "status_code": 200, "process_time_ms": 0.76}
{"path": "/api/monitoring/api", "method": "GET", "status_code": 200, "process_time_ms": 1.78}
{"path": "/api/monitoring/ml", "method": "GET", "status_code": 200, "process_time_ms": 0.76}
{"path": "/api/monitoring/api", "method": "GET", "status_code": 200, "process_time_ms": 1.48}
{"path": "/api/monitoring/ml", "method": "GET", "status_code": 200, "process_time_ms": 1.07}
{"path": "/api/monitoring/api", "method": "GET", "status_code": 200, "process_time_ms": 1.44}
{"path": "/api/monitoring/ml", "method": "GET", "status_code": 200, "process_time_ms": 6.47}
{"path": "/api/monitoring/api", "method": "GET", "status_code": 200, "process_time_ms": 2.35}
{"path": "/api/monitoring/ml", "method": "GET", "status_code": 200, "process_time_ms": 0.84}
{"path": "/api/monitoring/api", "method": "GET", "status_code": 200, "process_time_ms": 1.08}
{"path": "/api/monitoring/ml", "method": "GET", "status_code": 200, "process_time_ms": 3.48}
{"path": "/api/monitoring/api", "method": "GET", "status_code": 200, "process_time_ms": 0.8}
{"path": "/api/monitoring/ml", "method": "GET", "status_code": 200, "process_time_ms": 0.54}
{"path": "/api/get-patient-info", "method": "GET", "status_code": 200, "process_time_ms": 7.48}
{"path": "/api/monitoring/api", "method": "GET", "status_code": 200, "process_time_ms": 0.57}
{"path": "/api/monitoring/ml", "method": "GET", "status_code": 200, "process_time_ms": 0.55}
{"path": "/api/monitoring/api", "method": "GET", "status_code": 200, "process_time_ms": 0.57}
{"path": "/api/monitoring/ml", "method": "GET", "status_code": 200, "process_time_ms": 1.08}
{"path": "/api/get-patient-info", "method": "GET", "status_code": 200, "process_time_ms": 5.65}
{"path": "/api/get-patient-data-range/9", "method": "GET", "status_code": 200, "process_time_ms": 16.56}
{"path": "/api/generate-transfer-report", "method": "POST", "status_code": 500, "process_time_ms": 15.75}
{"path": "/api/page3/patient-report", "method": "POST", "status_code": 200, "process_time_ms": 29776.95}
{"path": "/api/get-patient-info", "method": "GET", "status_code": 200, "process_time_ms": 61.72}
{"path": "/api/get-patient-data-range/9", "method": "GET", "status_code": 200, "process_time_ms": 8.76}
{"path": "/api/get-patient-info", "method": "GET", "status_code": 200, "process_time_ms": 2.87}
{"path": "/api/get-patient-info", "method": "GET", "status_code": 200, "process_time_ms": 2.47}
{"path": "/api/get-patient-info", "method": "GET", "status_code": 200, "process_time_ms": 31.11}
{"path": "/api/get-patient-info", "method": "GET", "status_code": 200, "process_time_ms": 8.11}
{"path": "/api/get-patient-info", "method": "GET", "status_code": 200, "process_time_ms": 3.06}
{"path": "/api/get-patient-info", "method": "GET", "status_code": 200, "process_time_ms": 4.5}
{"path": "/api/get-patient-data-range/7", "method": "GET", "status_code": 200, "process_time_ms": 29.38}
{"path": "/api/generate-transfer-report", "method": "POST", "status_code": 500, "process_time_ms": 16.4}
{"path": "/api/page3/patient-report", "method": "POST", "status_code": 200, "process_time_ms": 29007.2}
{"path": "/api/get-patient-info", "method": "GET", "status_code": 200, "process_time_ms": 12.41}
{"path": "/api/get-patient-info", "method": "GET", "status_code": 200, "process_time_ms": 4.31}
{"path": "/api/get-patient-data-range/7", "method": "GET", "status_code": 200, "process_time_ms": 3.25}
{"path": "/api/get-patient-info", "method": "GET", "status_code": 200, "process_time_ms": 3.39}
{"path": "/api/get-patient-info", "method": "GET", "status_code": 200, "process_time_ms": 13.51}
{"path": "/api/get-patient-info", "method": "GET", "status_code": 200, "process_time_ms": 2.63}
{"path": "/api/get-patient-info", "method": "GET", "status_code": 200, "process_time_ms": 24.43}
{"path": "/api/get-patient-info", "method": "GET", "status_code": 200, "process_time_ms": 5.12}
{"path": "/api/get-patient-data-range/1", "method": "GET", "status_code": 200, "process_time_ms": 34.39}
{"path": "/api/generate-transfer-report", "method": "POST", "status_code": 500, "process_time_ms": 3.85}
{"path": "/api/page3/patient-report", "method": "POST", "status_code": 200, "process_time_ms": 30660.58}
{"path": "/api/generate-transfer-report", "method": "POST", "status_code": 500, "process_time_ms": 1.86}
{"path": "/api/page3/patient-report", "method": "POST", "status_code": 200, "process_time_ms": 28797.69}
{"path": "/api/generate-transfer-report", "method": "POST", "status_code": 500, "process_time_ms": 2.18}
{"path": "/api/page3/patient-report", "method": "POST", "status_code": 200, "process_time_ms": 30294.1}
{"path": "/api/generate-transfer-report", "method": "POST", "status_code": 500, "process_time_ms": 3.67}
{"path": "/api/generate-transfer-report", "method": "POST", "status_code": 500, "process_time_ms": 4.18}
{"path": "/api/page3/patient-report", "method": "POST", "status_code": 200, "process_time_ms": 24630.04}
{"path": "/api/page3/patient-report", "method": "POST", "status_code": 200, "process_time_ms": 30536.56}
{"path": "/api/get-patient-info", "method": "GET", "status_code": 200, "process_time_ms": 18.8}
{"path": "/api/get-patient-info", "method": "GET", "status_code": 200, "process_time_ms": 3.7}
{"path": "/api/get-patient-data-range/8", "method": "GET", "status_code": 200, "process_time_ms": 11.38}
{"path": "/api/generate-transfer-report", "method": "POST", "status_code": 500, "process_time_ms": 4.15}
{"path": "/api/page3/patient-report", "method": "POST", "status_code": 200, "process_time_ms": 34026.61}
{"path": "/api/generate-transfer-report", "method": "POST", "status_code": 500, "process_time_ms": 2.21}
{"path": "/api/page3/patient-report", "method": "POST", "status_code": 200, "process_time_ms": 41597.86}
{"path": "/api/generate-transfer-report", "method": "POST", "status_code": 500, "process_time_ms": 2.2}
{"path": "/api/page3/patient-report", "method": "POST", "status_code": 200, "process_time_ms": 37725.62}
{"path": "/api/get-patient-info", "method": "GET", "status_code": 200, "process_time_ms": 3.56}
{"path": "/api/get-patient-info", "method": "GET", "status_code": 200, "process_time_ms": 13.38}
{"path": "/api/get-patient-info", "method": "GET", "status_code": 200, "process_time_ms": 8.95}
{"path": "/api/get-patient-data-range/9", "method": "GET", "status_code": 200, "process_time_ms": 28.5}
{"path": "/api/generate-transfer-report", "method": "POST", "status_code": 500, "process_time_ms": 1.86}
{"path": "/api/page3/patient-report", "method": "POST", "status_code": 200, "process_time_ms": 27594.2}
{"path": "/api/get-patient-info", "method": "GET", "status_code": 200, "process_time_ms": 14.21}
{"path": "/api/get-patient-info", "method": "GET", "status_code": 200, "process_time_ms": 94.08}
{"path": "/api/get-patient-info", "method": "GET", "status_code": 200, "process_time_ms": 3.53}
{"path": "/api/get-patient-info", "method": "GET", "status_code": 200, "process_time_ms": 4.47}
{"path": "/api/get-patient-info", "method": "GET", "status_code": 200, "process_time_ms": 17.28}
{"path": "/api/get-patient-info", "method": "GET", "status_code": 200, "process_time_ms": 7.63}
{"path": "/api/get-patient-data-range/8", "method": "GET", "status_code": 200, "process_time_ms": 26.78}
{"path": "/api/generate-transfer-report", "method": "POST", "status_code": 500, "process_time_ms": 9.26}
{"path": "/api/page3/patient-report", "method": "POST", "status_code": 200, "process_time_ms": 31913.33}
{"path": "/api/get-patient-info", "method": "GET", "status_code": 200, "process_time_ms": 16.94}
{"path": "/api/get-patient-info", "method": "GET", "status_code": 200, "process_time_ms": 40.96}
{"path": "/api/get-patient-info", "method": "GET", "status_code": 200, "process_time_ms": 44.11}
{"path": "/api/get-patient-info", "method": "GET", "status_code": 200, "process_time_ms": 11.78}
{"path": "/api/get-patient-info", "method": "GET", "status_code": 200, "process_time_ms": 10.82}
{"path": "/api/get-patient-info", "method": "GET", "status_code": 200, "process_time_ms": 3.77}
{"path": "/api/get-patient-data-range/8", "method": "GET", "status_code": 200, "process_time_ms": 7.94}
{"path": "/api/generate-transfer-report", "method": "POST", "status_code": 500, "process_time_ms": 9.07}
{"path": "/api/page3/patient-report", "method": "POST", "status_code": 200, "process_time_ms": 33664.68}
{"path": "/api/get-patient-info", "method": "GET", "status_code": 200, "process_time_ms": 44.57}
{"path": "/api/get-patient-info", "method": "GET", "status_code": 200, "process_time_ms": 13.62}
{"path": "/api/get-patient-info", "method": "GET", "status_code": 200, "process_time_ms": 7.08}
{"path": "/api/get-patient-data-range/9", "method": "GET", "status_code": 200, "process_time_ms": 14.02}
{"path": "/api/generate-transfer-report", "method": "POST", "status_code": 500, "process_time_ms": 15.43}
{"path": "/api/page3/patient-report", "method": "POST", "status_code": 200, "process_time_ms": 33939.65}
{"path": "/api/get-patient-info", "method": "GET", "status_code": 200, "process_time_ms": 52.7}
{"path": "/api/monitoring/api", "method": "GET", "status_code": 200, "process_time_ms": 3.87}
{"path": "/api/monitoring/ml", "method": "GET", "status_code": 200, "process_time_ms": 3.0}
{"path": "/api/monitoring/api", "method": "GET", "status_code": 200, "process_time_ms": 4.91}
{"path": "/api/monitoring/ml", "method": "GET", "status_code": 200, "process_time_ms": 7.98}
{"path": "/api/monitoring/api", "method": "GET", "status_code": 200, "process_time_ms": 1.27}
{"path": "/api/monitoring/ml", "method": "GET", "status_code": 200, "process_time_ms": 0.87}
{"path": "/api/get-patient-info", "method": "GET", "status_code": 200, "process_time_ms": 54.89}
{"path": "/api/monitoring/api", "method": "GET", "status_code": 200, "process_time_ms": 5.32}
{"path": "/api/monitoring/ml", "method": "GET", "status_code": 200, "process_time_ms": 1.83}
{"path": "/api/monitoring/api", "method": "GET", "status_code": 200, "process_time_ms": 1.49}
{"path": "/api/monitoring/ml", "method": "GET", "status_code": 200, "process_time_ms": 1.79}
{"path": "/api/monitoring/api", "method": "GET", "status_code": 200, "process_time_ms": 1.64}
{"path": "/api/monitoring/ml", "method": "GET", "status_code": 200, "process_time_ms": 1.58}
{"path": "/api/get-patient-info", "method": "GET", "status_code": 200, "process_time_ms": 73.82}
{"path": "/api/get-patient-info", "method": "GET", "status_code": 200, "process_time_ms": 23.18}
{"path": "/api/get-patient-data-range/7", "method": "GET", "status_code": 200, "process_time_ms": 19.58}
{"path": "/api/get-patient-info", "method": "GET", "status_code": 200, "process_time_ms": 2.48}
{"path": "/api/get-patient-info", "method": "GET", "status_code": 200, "process_time_ms": 5.53}
{"path": "/api/get-patient-data-range/8", "method": "GET", "status_code": 200, "process_time_ms": 3.52}
{"path": "/api/generate-transfer-report", "method": "POST", "status_code": 500, "process_time_ms": 6.2}
{"path": "/api/get-patient-info", "method": "GET", "status_code": 200, "process_time_ms": 72.55}
{"path": "/api/monitoring/api", "method": "GET", "status_code": 200, "process_time_ms": 0.93}
{"path": "/api/monitoring/ml", "method": "GET", "status_code": 200, "process_time_ms": 14.17}
{"path": "/api/generate-transfer-report", "method": "POST", "status_code": 500, "process_time_ms": 3.64}
{"path": "/api/page3/patient-report", "method": "POST", "status_code": 200, "process_time_ms": 26618.46}
{"path": "/api/monitoring/api", "method": "GET", "status_code": 200, "process_time_ms": 12.4}
{"path": "/api/monitoring/ml", "method": "GET", "status_code": 200, "process_time_ms": 1.05}
{"path": "/api/monitoring/api", "method": "GET", "status_code": 200, "process_time_ms": 12.81}
{"path": "/api/monitoring/ml", "method": "GET", "status_code": 200, "process_time_ms": 0.49}
{"path": "/api/monitoring/api", "method": "GET", "status_code": 200, "process_time_ms": 0.84}
{"path": "/api/monitoring/ml", "method": "GET", "status_code": 200, "process_time_ms": 0.72}
{"path": "/api/monitoring/api", "method": "GET", "status_code": 200, "process_time_ms": 2.0}
{"path": "/api/monitoring/ml", "method": "GET", "status_code": 200, "process_time_ms": 3.59}
{"path": "/api/get-patient-info", "method": "GET", "status_code": 200, "process_time_ms": 60.55}
{"path": "/api/get-patient-info", "method": "GET", "status_code": 200, "process_time_ms": 15.92}
{"path": "/api/get-patient-info", "method": "GET", "status_code": 200, "process_time_ms": 11.41}
{"path": "/api/get-patient-data-range/8", "method": "GET", "status_code": 200, "process_time_ms": 43.33}
{"path": "/api/generate-transfer-report", "method": "POST", "status_code": 500, "process_time_ms": 4.82}
{"path": "/api/page3/patient-report", "method": "POST", "status_code": 200, "process_time_ms": 36875.44}
{"path": "/api/get-patient-info", "method": "GET", "status_code": 200, "process_time_ms": 94.23}
